\BOOKMARK [1][-]{section.1}{Introduction}{}% 1
\BOOKMARK [1][-]{section.2}{LAPACK}{}% 2
\BOOKMARK [2][-]{subsection.2.1}{Distribution option in LAPACK}{section.2}% 3
\BOOKMARK [2][-]{subsection.2.2}{Diagonalentries options in LAPACK}{section.2}% 4
\BOOKMARK [2][-]{subsection.2.3}{Packing options in LAPACK}{section.2}% 5
\BOOKMARK [2][-]{subsection.2.4}{the different generators in LAPACK}{section.2}% 6
\BOOKMARK [3][-]{subsubsection.2.4.1}{xLATMR}{subsection.2.4}% 7
\BOOKMARK [3][-]{subsubsection.2.4.2}{xLATMS}{subsection.2.4}% 8
\BOOKMARK [3][-]{subsubsection.2.4.3}{xLATME}{subsection.2.4}% 9
\BOOKMARK [1][-]{section.3}{Automated test matrix generation}{}% 10
\BOOKMARK [2][-]{subsection.3.1}{diagonal generator}{section.3}% 11
\BOOKMARK [2][-]{subsection.3.2}{matrix-generators}{section.3}% 12
\BOOKMARK [3][-]{subsubsection.3.2.1}{Generator 1}{subsection.3.2}% 13
\BOOKMARK [3][-]{subsubsection.3.2.2}{Generator 2}{subsection.3.2}% 14
\BOOKMARK [3][-]{subsubsection.3.2.3}{Generator 3}{subsection.3.2}% 15
\BOOKMARK [3][-]{subsubsection.3.2.4}{Generator 4}{subsection.3.2}% 16
\BOOKMARK [3][-]{subsubsection.3.2.5}{Generator 5}{subsection.3.2}% 17
\BOOKMARK [3][-]{subsubsection.3.2.6}{Generator 6}{subsection.3.2}% 18
\BOOKMARK [2][-]{subsection.3.3}{Density setter}{section.3}% 19
\BOOKMARK [2][-]{subsection.3.4}{Side-diagonal matrix}{section.3}% 20
\BOOKMARK [2][-]{subsection.3.5}{Householder function}{section.3}% 21
